<?xml version="1.0" encoding="UTF-8"?>
<coverage generated="1710611320437" clover="3.2.0">
  <project timestamp="1710611320437" name="All files">
    <metrics statements="297" coveredstatements="205" conditionals="78" coveredconditionals="42" methods="33" coveredmethods="23" elements="408" coveredelements="270" complexity="0" loc="297" ncloc="297" packages="6" files="13" classes="13"/>
    <package name="server">
      <metrics statements="19" coveredstatements="15" conditionals="0" coveredconditionals="0" methods="2" coveredmethods="0"/>
      <file name="app.js" path="/Users/test/github-classroom/H8-FSJS-P2S6/ip-galihadityam1/server/app.js">
        <metrics statements="19" coveredstatements="15" conditionals="0" coveredconditionals="0" methods="2" coveredmethods="0"/>
        <line num="2" count="2" type="stmt"/>
        <line num="4" count="2" type="stmt"/>
        <line num="5" count="2" type="stmt"/>
        <line num="6" count="2" type="stmt"/>
        <line num="7" count="2" type="stmt"/>
        <line num="8" count="2" type="stmt"/>
        <line num="9" count="2" type="stmt"/>
        <line num="11" count="2" type="stmt"/>
        <line num="13" count="2" type="stmt"/>
        <line num="15" count="2" type="stmt"/>
        <line num="16" count="2" type="stmt"/>
        <line num="18" count="2" type="stmt"/>
        <line num="25" count="2" type="stmt"/>
        <line num="26" count="0" type="stmt"/>
        <line num="28" count="0" type="stmt"/>
        <line num="29" count="0" type="stmt"/>
        <line num="32" count="0" type="stmt"/>
        <line num="38" count="2" type="stmt"/>
        <line num="40" count="2" type="stmt"/>
      </file>
    </package>
    <package name="server.controllers">
      <metrics statements="152" coveredstatements="75" conditionals="48" coveredconditionals="19" methods="13" coveredmethods="7"/>
      <file name="Controller.js" path="/Users/test/github-classroom/H8-FSJS-P2S6/ip-galihadityam1/server/controllers/Controller.js">
        <metrics statements="116" coveredstatements="49" conditionals="40" coveredconditionals="11" methods="10" coveredmethods="5"/>
        <line num="1" count="2" type="stmt"/>
        <line num="2" count="2" type="stmt"/>
        <line num="3" count="2" type="stmt"/>
        <line num="4" count="2" type="stmt"/>
        <line num="5" count="2" type="stmt"/>
        <line num="6" count="2" type="stmt"/>
        <line num="10" count="1" type="stmt"/>
        <line num="11" count="1" type="stmt"/>
        <line num="12" count="1" type="stmt"/>
        <line num="16" count="1" type="cond" truecount="1" falsecount="1"/>
        <line num="17" count="0" type="stmt"/>
        <line num="22" count="1" type="cond" truecount="1" falsecount="1"/>
        <line num="23" count="0" type="cond" truecount="0" falsecount="2"/>
        <line num="24" count="0" type="stmt"/>
        <line num="28" count="0" type="stmt"/>
        <line num="32" count="1" type="cond" truecount="1" falsecount="1"/>
        <line num="33" count="0" type="cond" truecount="0" falsecount="2"/>
        <line num="34" count="0" type="cond" truecount="0" falsecount="2"/>
        <line num="35" count="0" type="stmt"/>
        <line num="38" count="1" type="stmt"/>
        <line num="39" count="1" type="stmt"/>
        <line num="41" count="1" type="cond" truecount="1" falsecount="1"/>
        <line num="43" count="0" type="cond" truecount="0" falsecount="2"/>
        <line num="44" count="0" type="stmt"/>
        <line num="45" count="0" type="stmt"/>
        <line num="47" count="0" type="stmt"/>
        <line num="51" count="0" type="cond" truecount="0" falsecount="2"/>
        <line num="52" count="0" type="stmt"/>
        <line num="53" count="0" type="stmt"/>
        <line num="55" count="0" type="stmt"/>
        <line num="59" count="1" type="stmt"/>
        <line num="60" count="1" type="stmt"/>
        <line num="63" count="1" type="stmt"/>
        <line num="65" count="1" type="stmt"/>
        <line num="67" count="1" type="cond" truecount="1" falsecount="1"/>
        <line num="68" count="0" type="stmt"/>
        <line num="71" count="1" type="stmt"/>
        <line num="79" count="0" type="stmt"/>
        <line num="84" count="2" type="stmt"/>
        <line num="85" count="2" type="stmt"/>
        <line num="86" count="2" type="stmt"/>
        <line num="90" count="2" type="cond" truecount="2" falsecount="0"/>
        <line num="91" count="1" type="stmt"/>
        <line num="93" count="1" type="stmt"/>
        <line num="95" count="1" type="stmt"/>
        <line num="100" count="2" type="stmt"/>
        <line num="101" count="2" type="stmt"/>
        <line num="105" count="1" type="stmt"/>
        <line num="107" count="1" type="stmt"/>
        <line num="108" count="1" type="stmt"/>
        <line num="113" count="3" type="stmt"/>
        <line num="114" count="3" type="stmt"/>
        <line num="116" count="3" type="stmt"/>
        <line num="118" count="2" type="cond" truecount="2" falsecount="0"/>
        <line num="119" count="1" type="stmt"/>
        <line num="122" count="1" type="stmt"/>
        <line num="126" count="1" type="stmt"/>
        <line num="128" count="2" type="stmt"/>
        <line num="133" count="2" type="stmt"/>
        <line num="134" count="2" type="stmt"/>
        <line num="138" count="2" type="cond" truecount="2" falsecount="0"/>
        <line num="139" count="1" type="stmt"/>
        <line num="142" count="1" type="stmt"/>
        <line num="146" count="1" type="stmt"/>
        <line num="148" count="1" type="stmt"/>
        <line num="153" count="0" type="stmt"/>
        <line num="154" count="0" type="stmt"/>
        <line num="156" count="0" type="stmt"/>
        <line num="158" count="0" type="stmt"/>
        <line num="160" count="0" type="stmt"/>
        <line num="165" count="0" type="stmt"/>
        <line num="171" count="0" type="stmt"/>
        <line num="188" count="0" type="stmt"/>
        <line num="189" count="0" type="stmt"/>
        <line num="190" count="0" type="stmt"/>
        <line num="191" count="0" type="stmt"/>
        <line num="195" count="0" type="stmt"/>
        <line num="197" count="0" type="stmt"/>
        <line num="201" count="0" type="cond" truecount="0" falsecount="2"/>
        <line num="202" count="0" type="stmt"/>
        <line num="210" count="0" type="stmt"/>
        <line num="217" count="0" type="stmt"/>
        <line num="219" count="0" type="stmt"/>
        <line num="222" count="0" type="stmt"/>
        <line num="231" count="0" type="stmt"/>
        <line num="232" count="0" type="stmt"/>
        <line num="237" count="0" type="stmt"/>
        <line num="238" count="0" type="stmt"/>
        <line num="240" count="0" type="stmt"/>
        <line num="242" count="0" type="stmt"/>
        <line num="244" count="0" type="cond" truecount="0" falsecount="2"/>
        <line num="245" count="0" type="stmt"/>
        <line num="263" count="0" type="cond" truecount="0" falsecount="2"/>
        <line num="267" count="0" type="stmt"/>
        <line num="268" count="0" type="stmt"/>
        <line num="269" count="0" type="stmt"/>
        <line num="271" count="0" type="stmt"/>
        <line num="274" count="0" type="stmt"/>
        <line num="279" count="0" type="stmt"/>
        <line num="280" count="0" type="cond" truecount="0" falsecount="2"/>
        <line num="281" count="0" type="stmt"/>
        <line num="284" count="0" type="stmt"/>
        <line num="288" count="0" type="cond" truecount="0" falsecount="2"/>
        <line num="289" count="0" type="stmt"/>
        <line num="292" count="0" type="stmt"/>
        <line num="293" count="0" type="stmt"/>
        <line num="295" count="0" type="stmt"/>
        <line num="301" count="0" type="stmt"/>
        <line num="307" count="0" type="stmt"/>
        <line num="310" count="0" type="stmt"/>
        <line num="312" count="0" type="stmt"/>
        <line num="317" count="0" type="stmt"/>
        <line num="320" count="0" type="stmt"/>
        <line num="321" count="0" type="stmt"/>
        <line num="323" count="0" type="stmt"/>
        <line num="328" count="2" type="stmt"/>
      </file>
      <file name="UserController.js" path="/Users/test/github-classroom/H8-FSJS-P2S6/ip-galihadityam1/server/controllers/UserController.js">
        <metrics statements="36" coveredstatements="26" conditionals="8" coveredconditionals="8" methods="3" coveredmethods="2"/>
        <line num="1" count="2" type="stmt"/>
        <line num="2" count="2" type="stmt"/>
        <line num="3" count="2" type="stmt"/>
        <line num="4" count="2" type="stmt"/>
        <line num="8" count="0" type="stmt"/>
        <line num="9" count="0" type="stmt"/>
        <line num="10" count="0" type="stmt"/>
        <line num="15" count="0" type="stmt"/>
        <line num="16" count="0" type="stmt"/>
        <line num="24" count="0" type="stmt"/>
        <line num="25" count="0" type="stmt"/>
        <line num="26" count="0" type="stmt"/>
        <line num="30" count="0" type="stmt"/>
        <line num="31" count="0" type="stmt"/>
        <line num="36" count="5" type="stmt"/>
        <line num="37" count="5" type="stmt"/>
        <line num="38" count="5" type="cond" truecount="2" falsecount="0"/>
        <line num="39" count="1" type="stmt"/>
        <line num="42" count="4" type="cond" truecount="2" falsecount="0"/>
        <line num="43" count="1" type="stmt"/>
        <line num="46" count="3" type="stmt"/>
        <line num="47" count="3" type="cond" truecount="2" falsecount="0"/>
        <line num="48" count="1" type="stmt"/>
        <line num="51" count="2" type="stmt"/>
        <line num="52" count="2" type="cond" truecount="2" falsecount="0"/>
        <line num="53" count="1" type="stmt"/>
        <line num="56" count="1" type="stmt"/>
        <line num="60" count="1" type="stmt"/>
        <line num="62" count="1" type="stmt"/>
        <line num="64" count="4" type="stmt"/>
        <line num="69" count="7" type="stmt"/>
        <line num="70" count="7" type="stmt"/>
        <line num="71" count="1" type="stmt"/>
        <line num="76" count="1" type="stmt"/>
        <line num="78" count="6" type="stmt"/>
        <line num="83" count="2" type="stmt"/>
      </file>
    </package>
    <package name="server.helpers">
      <metrics statements="9" coveredstatements="7" conditionals="0" coveredconditionals="0" methods="4" coveredmethods="3"/>
      <file name="helper.js" path="/Users/test/github-classroom/H8-FSJS-P2S6/ip-galihadityam1/server/helpers/helper.js">
        <metrics statements="9" coveredstatements="7" conditionals="0" coveredconditionals="0" methods="4" coveredmethods="3"/>
        <line num="1" count="2" type="stmt"/>
        <line num="2" count="2" type="stmt"/>
        <line num="3" count="2" type="stmt"/>
        <line num="7" count="0" type="stmt"/>
        <line num="11" count="0" type="stmt"/>
        <line num="15" count="2" type="stmt"/>
        <line num="19" count="4" type="stmt"/>
        <line num="23" count="17" type="stmt"/>
        <line num="27" count="2" type="stmt"/>
      </file>
    </package>
    <package name="server.middlewares">
      <metrics statements="53" coveredstatements="46" conditionals="20" coveredconditionals="16" methods="3" coveredmethods="3"/>
      <file name="authentication.js" path="/Users/test/github-classroom/H8-FSJS-P2S6/ip-galihadityam1/server/middlewares/authentication.js">
        <metrics statements="18" coveredstatements="16" conditionals="6" coveredconditionals="4" methods="1" coveredmethods="1"/>
        <line num="1" count="2" type="stmt"/>
        <line num="2" count="2" type="stmt"/>
        <line num="5" count="21" type="stmt"/>
        <line num="6" count="21" type="stmt"/>
        <line num="8" count="21" type="cond" truecount="1" falsecount="1"/>
        <line num="9" count="0" type="stmt"/>
        <line num="12" count="21" type="stmt"/>
        <line num="13" count="21" type="cond" truecount="2" falsecount="0"/>
        <line num="14" count="4" type="stmt"/>
        <line num="17" count="17" type="stmt"/>
        <line num="19" count="13" type="stmt"/>
        <line num="20" count="13" type="cond" truecount="1" falsecount="1"/>
        <line num="21" count="0" type="stmt"/>
        <line num="24" count="13" type="stmt"/>
        <line num="26" count="13" type="stmt"/>
        <line num="28" count="8" type="stmt"/>
        <line num="29" count="8" type="stmt"/>
        <line num="33" count="2" type="stmt"/>
      </file>
      <file name="authorization.js" path="/Users/test/github-classroom/H8-FSJS-P2S6/ip-galihadityam1/server/middlewares/authorization.js">
        <metrics statements="6" coveredstatements="6" conditionals="2" coveredconditionals="2" methods="1" coveredmethods="1"/>
        <line num="3" count="10" type="stmt"/>
        <line num="4" count="10" type="cond" truecount="2" falsecount="0"/>
        <line num="5" count="3" type="stmt"/>
        <line num="7" count="7" type="stmt"/>
        <line num="9" count="3" type="stmt"/>
        <line num="13" count="2" type="stmt"/>
      </file>
      <file name="errHandler.js" path="/Users/test/github-classroom/H8-FSJS-P2S6/ip-galihadityam1/server/middlewares/errHandler.js">
        <metrics statements="26" coveredstatements="21" conditionals="12" coveredconditionals="10" methods="1" coveredmethods="1"/>
        <line num="1" count="2" type="stmt"/>
        <line num="2" count="26" type="cond" truecount="10" falsecount="2"/>
        <line num="5" count="8" type="stmt"/>
        <line num="6" count="8" type="stmt"/>
        <line num="8" count="1" type="stmt"/>
        <line num="9" count="1" type="stmt"/>
        <line num="11" count="1" type="stmt"/>
        <line num="12" count="1" type="stmt"/>
        <line num="14" count="1" type="stmt"/>
        <line num="15" count="1" type="stmt"/>
        <line num="17" count="4" type="stmt"/>
        <line num="18" count="4" type="stmt"/>
        <line num="20" count="1" type="stmt"/>
        <line num="21" count="1" type="stmt"/>
        <line num="23" count="3" type="stmt"/>
        <line num="24" count="3" type="stmt"/>
        <line num="26" count="3" type="stmt"/>
        <line num="27" count="3" type="stmt"/>
        <line num="29" count="0" type="stmt"/>
        <line num="30" count="0" type="stmt"/>
        <line num="32" count="4" type="stmt"/>
        <line num="33" count="4" type="stmt"/>
        <line num="35" count="0" type="stmt"/>
        <line num="36" count="0" type="stmt"/>
        <line num="37" count="0" type="stmt"/>
        <line num="41" count="2" type="stmt"/>
      </file>
      <file name="uploader.js" path="/Users/test/github-classroom/H8-FSJS-P2S6/ip-galihadityam1/server/middlewares/uploader.js">
        <metrics statements="3" coveredstatements="3" conditionals="0" coveredconditionals="0" methods="0" coveredmethods="0"/>
        <line num="1" count="2" type="stmt"/>
        <line num="3" count="2" type="stmt"/>
        <line num="7" count="2" type="stmt"/>
      </file>
    </package>
    <package name="server.models">
      <metrics statements="41" coveredstatements="39" conditionals="10" coveredconditionals="7" methods="11" coveredmethods="10"/>
      <file name="index.js" path="/Users/test/github-classroom/H8-FSJS-P2S6/ip-galihadityam1/server/models/index.js">
        <metrics statements="21" coveredstatements="20" conditionals="10" coveredconditionals="7" methods="3" coveredmethods="3"/>
        <line num="3" count="2" type="stmt"/>
        <line num="4" count="2" type="stmt"/>
        <line num="5" count="2" type="stmt"/>
        <line num="6" count="2" type="stmt"/>
        <line num="7" count="2" type="stmt"/>
        <line num="8" count="2" type="cond" truecount="1" falsecount="1"/>
        <line num="9" count="2" type="stmt"/>
        <line num="10" count="2" type="stmt"/>
        <line num="13" count="2" type="cond" truecount="1" falsecount="1"/>
        <line num="14" count="0" type="stmt"/>
        <line num="16" count="2" type="stmt"/>
        <line num="19" count="2" type="stmt"/>
        <line num="22" count="8" type="stmt"/>
        <line num="30" count="6" type="stmt"/>
        <line num="31" count="6" type="stmt"/>
        <line num="34" count="2" type="stmt"/>
        <line num="35" count="6" type="cond" truecount="1" falsecount="1"/>
        <line num="36" count="6" type="stmt"/>
        <line num="40" count="2" type="stmt"/>
        <line num="41" count="2" type="stmt"/>
        <line num="43" count="2" type="stmt"/>
      </file>
      <file name="menu.js" path="/Users/test/github-classroom/H8-FSJS-P2S6/ip-galihadityam1/server/models/menu.js">
        <metrics statements="7" coveredstatements="6" conditionals="0" coveredconditionals="0" methods="3" coveredmethods="2"/>
        <line num="4" count="2" type="stmt"/>
        <line num="5" count="2" type="stmt"/>
        <line num="6" count="2" type="stmt"/>
        <line num="15" count="2" type="stmt"/>
        <line num="19" count="0" type="stmt"/>
        <line num="22" count="2" type="stmt"/>
        <line num="53" count="2" type="stmt"/>
      </file>
      <file name="order.js" path="/Users/test/github-classroom/H8-FSJS-P2S6/ip-galihadityam1/server/models/order.js">
        <metrics statements="6" coveredstatements="6" conditionals="0" coveredconditionals="0" methods="2" coveredmethods="2"/>
        <line num="4" count="2" type="stmt"/>
        <line num="5" count="2" type="stmt"/>
        <line num="14" count="2" type="stmt"/>
        <line num="15" count="2" type="stmt"/>
        <line num="18" count="2" type="stmt"/>
        <line num="36" count="2" type="stmt"/>
      </file>
      <file name="user.js" path="/Users/test/github-classroom/H8-FSJS-P2S6/ip-galihadityam1/server/models/user.js">
        <metrics statements="7" coveredstatements="7" conditionals="0" coveredconditionals="0" methods="3" coveredmethods="3"/>
        <line num="2" count="2" type="stmt"/>
        <line num="5" count="2" type="stmt"/>
        <line num="6" count="2" type="stmt"/>
        <line num="15" count="2" type="stmt"/>
        <line num="18" count="2" type="stmt"/>
        <line num="62" count="5" type="stmt"/>
        <line num="69" count="2" type="stmt"/>
      </file>
    </package>
    <package name="server.routers">
      <metrics statements="23" coveredstatements="23" conditionals="0" coveredconditionals="0" methods="0" coveredmethods="0"/>
      <file name="index.js" path="/Users/test/github-classroom/H8-FSJS-P2S6/ip-galihadityam1/server/routers/index.js">
        <metrics statements="23" coveredstatements="23" conditionals="0" coveredconditionals="0" methods="0" coveredmethods="0"/>
        <line num="1" count="2" type="stmt"/>
        <line num="2" count="2" type="stmt"/>
        <line num="3" count="2" type="stmt"/>
        <line num="4" count="2" type="stmt"/>
        <line num="5" count="2" type="stmt"/>
        <line num="6" count="2" type="stmt"/>
        <line num="7" count="2" type="stmt"/>
        <line num="8" count="2" type="stmt"/>
        <line num="11" count="2" type="stmt"/>
        <line num="12" count="2" type="stmt"/>
        <line num="13" count="2" type="stmt"/>
        <line num="14" count="2" type="stmt"/>
        <line num="15" count="2" type="stmt"/>
        <line num="18" count="2" type="stmt"/>
        <line num="21" count="2" type="stmt"/>
        <line num="22" count="2" type="stmt"/>
        <line num="23" count="2" type="stmt"/>
        <line num="24" count="2" type="stmt"/>
        <line num="25" count="2" type="stmt"/>
        <line num="26" count="2" type="stmt"/>
        <line num="34" count="2" type="stmt"/>
        <line num="36" count="2" type="stmt"/>
        <line num="38" count="2" type="stmt"/>
      </file>
    </package>
  </project>
</coverage>
