{"/Users/test/github-classroom/H8-FSJS-P2S6/ip-galihadityam1/server/app.js": {"path":"/Users/test/github-classroom/H8-FSJS-P2S6/ip-galihadityam1/server/app.js","statementMap":{"0":{"start":{"line":2,"column":0},"end":{"line":2,"column":27}},"1":{"start":{"line":4,"column":16},"end":{"line":4,"column":34}},"2":{"start":{"line":5,"column":15},"end":{"line":5,"column":35}},"3":{"start":{"line":6,"column":12},"end":{"line":6,"column":21}},"4":{"start":{"line":7,"column":13},"end":{"line":7,"column":28}},"5":{"start":{"line":8,"column":19},"end":{"line":8,"column":39}},"6":{"start":{"line":9,"column":13},"end":{"line":9,"column":28}},"7":{"start":{"line":11,"column":0},"end":{"line":11,"column":16}},"8":{"start":{"line":13,"column":15},"end":{"line":13,"column":37}},"9":{"start":{"line":15,"column":0},"end":{"line":15,"column":48}},"10":{"start":{"line":16,"column":0},"end":{"line":16,"column":24}},"11":{"start":{"line":18,"column":11},"end":{"line":23,"column":2}},"12":{"start":{"line":25,"column":0},"end":{"line":33,"column":2}},"13":{"start":{"line":26,"column":2},"end":{"line":26,"column":47}},"14":{"start":{"line":28,"column":2},"end":{"line":30,"column":4}},"15":{"start":{"line":29,"column":4},"end":{"line":29,"column":51}},"16":{"start":{"line":32,"column":2},"end":{"line":32,"column":44}},"17":{"start":{"line":38,"column":0},"end":{"line":38,"column":21}},"18":{"start":{"line":40,"column":0},"end":{"line":40,"column":27}}},"fnMap":{"0":{"name":"(anonymous_0)","decl":{"start":{"line":25,"column":20},"end":{"line":25,"column":21}},"loc":{"start":{"line":25,"column":32},"end":{"line":33,"column":1}},"line":25},"1":{"name":"(anonymous_1)","decl":{"start":{"line":28,"column":26},"end":{"line":28,"column":27}},"loc":{"start":{"line":28,"column":36},"end":{"line":30,"column":3}},"line":28}},"branchMap":{},"s":{"0":2,"1":2,"2":2,"3":2,"4":2,"5":2,"6":2,"7":2,"8":2,"9":2,"10":2,"11":2,"12":2,"13":0,"14":0,"15":0,"16":0,"17":2,"18":2},"f":{"0":0,"1":0},"b":{},"_coverageSchema":"1a1c01bbd47fc00a2c39e90264f33305004495a9","hash":"4e6251bad3b84351774229993491083767a61af1"}
,"/Users/test/github-classroom/H8-FSJS-P2S6/ip-galihadityam1/server/controllers/Controller.js": {"path":"/Users/test/github-classroom/H8-FSJS-P2S6/ip-galihadityam1/server/controllers/Controller.js","statementMap":{"0":{"start":{"line":1,"column":30},"end":{"line":1,"column":59}},"1":{"start":{"line":2,"column":17},"end":{"line":2,"column":36}},"2":{"start":{"line":3,"column":23},"end":{"line":3,"column":49}},"3":{"start":{"line":4,"column":14},"end":{"line":4,"column":30}},"4":{"start":{"line":5,"column":19},"end":{"line":5,"column":40}},"5":{"start":{"line":6,"column":15},"end":{"line":6,"column":35}},"6":{"start":{"line":10,"column":4},"end":{"line":80,"column":5}},"7":{"start":{"line":11,"column":43},"end":{"line":11,"column":52}},"8":{"start":{"line":12,"column":27},"end":{"line":14,"column":7}},"9":{"start":{"line":16,"column":6},"end":{"line":20,"column":7}},"10":{"start":{"line":17,"column":8},"end":{"line":19,"column":10}},"11":{"start":{"line":22,"column":6},"end":{"line":30,"column":7}},"12":{"start":{"line":23,"column":8},"end":{"line":29,"column":9}},"13":{"start":{"line":24,"column":10},"end":{"line":26,"column":12}},"14":{"start":{"line":28,"column":10},"end":{"line":28,"column":47}},"15":{"start":{"line":32,"column":6},"end":{"line":36,"column":7}},"16":{"start":{"line":33,"column":22},"end":{"line":33,"column":54}},"17":{"start":{"line":34,"column":23},"end":{"line":34,"column":62}},"18":{"start":{"line":35,"column":8},"end":{"line":35,"column":49}},"19":{"start":{"line":38,"column":18},"end":{"line":38,"column":20}},"20":{"start":{"line":39,"column":23},"end":{"line":39,"column":24}},"21":{"start":{"line":41,"column":6},"end":{"line":61,"column":7}},"22":{"start":{"line":43,"column":8},"end":{"line":48,"column":9}},"23":{"start":{"line":44,"column":10},"end":{"line":44,"column":29}},"24":{"start":{"line":45,"column":10},"end":{"line":45,"column":39}},"25":{"start":{"line":47,"column":10},"end":{"line":47,"column":39}},"26":{"start":{"line":51,"column":8},"end":{"line":56,"column":9}},"27":{"start":{"line":52,"column":10},"end":{"line":52,"column":36}},"28":{"start":{"line":53,"column":10},"end":{"line":53,"column":59}},"29":{"start":{"line":55,"column":10},"end":{"line":55,"column":59}},"30":{"start":{"line":59,"column":8},"end":{"line":59,"column":37}},"31":{"start":{"line":60,"column":8},"end":{"line":60,"column":57}},"32":{"start":{"line":63,"column":28},"end":{"line":63,"column":70}},"33":{"start":{"line":65,"column":17},"end":{"line":65,"column":51}},"34":{"start":{"line":67,"column":6},"end":{"line":69,"column":7}},"35":{"start":{"line":68,"column":8},"end":{"line":68,"column":33}},"36":{"start":{"line":71,"column":6},"end":{"line":77,"column":9}},"37":{"start":{"line":79,"column":6},"end":{"line":79,"column":18}},"38":{"start":{"line":84,"column":4},"end":{"line":96,"column":5}},"39":{"start":{"line":85,"column":21},"end":{"line":85,"column":31}},"40":{"start":{"line":86,"column":17},"end":{"line":88,"column":8}},"41":{"start":{"line":90,"column":6},"end":{"line":92,"column":7}},"42":{"start":{"line":91,"column":8},"end":{"line":91,"column":33}},"43":{"start":{"line":93,"column":6},"end":{"line":93,"column":37}},"44":{"start":{"line":95,"column":6},"end":{"line":95,"column":18}},"45":{"start":{"line":100,"column":4},"end":{"line":109,"column":5}},"46":{"start":{"line":101,"column":17},"end":{"line":103,"column":8}},"47":{"start":{"line":105,"column":6},"end":{"line":105,"column":70}},"48":{"start":{"line":107,"column":6},"end":{"line":107,"column":44}},"49":{"start":{"line":108,"column":6},"end":{"line":108,"column":18}},"50":{"start":{"line":113,"column":4},"end":{"line":129,"column":5}},"51":{"start":{"line":114,"column":19},"end":{"line":114,"column":29}},"52":{"start":{"line":116,"column":17},"end":{"line":116,"column":74}},"53":{"start":{"line":118,"column":6},"end":{"line":120,"column":7}},"54":{"start":{"line":119,"column":8},"end":{"line":119,"column":33}},"55":{"start":{"line":122,"column":17},"end":{"line":124,"column":8}},"56":{"start":{"line":126,"column":6},"end":{"line":126,"column":70}},"57":{"start":{"line":128,"column":6},"end":{"line":128,"column":18}},"58":{"start":{"line":133,"column":4},"end":{"line":149,"column":5}},"59":{"start":{"line":134,"column":17},"end":{"line":136,"column":8}},"60":{"start":{"line":138,"column":6},"end":{"line":140,"column":7}},"61":{"start":{"line":139,"column":8},"end":{"line":139,"column":33}},"62":{"start":{"line":142,"column":6},"end":{"line":144,"column":9}},"63":{"start":{"line":146,"column":6},"end":{"line":146,"column":75}},"64":{"start":{"line":148,"column":6},"end":{"line":148,"column":18}},"65":{"start":{"line":153,"column":4},"end":{"line":233,"column":5}},"66":{"start":{"line":154,"column":19},"end":{"line":154,"column":30}},"67":{"start":{"line":156,"column":19},"end":{"line":156,"column":32}},"68":{"start":{"line":158,"column":17},"end":{"line":158,"column":44}},"69":{"start":{"line":160,"column":17},"end":{"line":163,"column":8}},"70":{"start":{"line":165,"column":18},"end":{"line":169,"column":8}},"71":{"start":{"line":171,"column":22},"end":{"line":186,"column":7}},"72":{"start":{"line":188,"column":26},"end":{"line":188,"column":65}},"73":{"start":{"line":189,"column":29},"end":{"line":189,"column":46}},"74":{"start":{"line":190,"column":27},"end":{"line":190,"column":51}},"75":{"start":{"line":191,"column":20},"end":{"line":191,"column":58}},"76":{"start":{"line":195,"column":6},"end":{"line":195,"column":31}},"77":{"start":{"line":197,"column":6},"end":{"line":199,"column":9}},"78":{"start":{"line":201,"column":6},"end":{"line":220,"column":7}},"79":{"start":{"line":202,"column":28},"end":{"line":208,"column":10}},"80":{"start":{"line":210,"column":23},"end":{"line":215,"column":12}},"81":{"start":{"line":217,"column":10},"end":{"line":217,"column":57}},"82":{"start":{"line":219,"column":8},"end":{"line":219,"column":36}},"83":{"start":{"line":222,"column":6},"end":{"line":227,"column":9}},"84":{"start":{"line":231,"column":6},"end":{"line":231,"column":25}},"85":{"start":{"line":232,"column":6},"end":{"line":232,"column":18}},"86":{"start":{"line":237,"column":4},"end":{"line":275,"column":5}},"87":{"start":{"line":238,"column":66},"end":{"line":238,"column":74}},"88":{"start":{"line":240,"column":20},"end":{"line":240,"column":34}},"89":{"start":{"line":242,"column":20},"end":{"line":242,"column":79}},"90":{"start":{"line":244,"column":6},"end":{"line":246,"column":7}},"91":{"start":{"line":245,"column":8},"end":{"line":245,"column":70}},"92":{"start":{"line":263,"column":6},"end":{"line":272,"column":7}},"93":{"start":{"line":267,"column":8},"end":{"line":267,"column":47}},"94":{"start":{"line":268,"column":8},"end":{"line":268,"column":78}},"95":{"start":{"line":269,"column":8},"end":{"line":269,"column":60}},"96":{"start":{"line":271,"column":8},"end":{"line":271,"column":78}},"97":{"start":{"line":274,"column":6},"end":{"line":274,"column":18}},"98":{"start":{"line":279,"column":4},"end":{"line":313,"column":5}},"99":{"start":{"line":280,"column":6},"end":{"line":282,"column":7}},"100":{"start":{"line":281,"column":8},"end":{"line":281,"column":37}},"101":{"start":{"line":284,"column":17},"end":{"line":286,"column":8}},"102":{"start":{"line":288,"column":6},"end":{"line":290,"column":7}},"103":{"start":{"line":289,"column":8},"end":{"line":289,"column":33}},"104":{"start":{"line":292,"column":26},"end":{"line":292,"column":60}},"105":{"start":{"line":293,"column":24},"end":{"line":293,"column":73}},"106":{"start":{"line":295,"column":21},"end":{"line":299,"column":8}},"107":{"start":{"line":301,"column":21},"end":{"line":305,"column":8}},"108":{"start":{"line":307,"column":6},"end":{"line":307,"column":49}},"109":{"start":{"line":310,"column":6},"end":{"line":310,"column":73}},"110":{"start":{"line":312,"column":6},"end":{"line":312,"column":25}},"111":{"start":{"line":317,"column":4},"end":{"line":324,"column":5}},"112":{"start":{"line":320,"column":6},"end":{"line":320,"column":45}},"113":{"start":{"line":321,"column":6},"end":{"line":321,"column":30}},"114":{"start":{"line":323,"column":6},"end":{"line":323,"column":17}},"115":{"start":{"line":328,"column":0},"end":{"line":328,"column":28}}},"fnMap":{"0":{"name":"(anonymous_0)","decl":{"start":{"line":9,"column":2},"end":{"line":9,"column":3}},"loc":{"start":{"line":9,"column":42},"end":{"line":81,"column":3}},"line":9},"1":{"name":"(anonymous_1)","decl":{"start":{"line":83,"column":2},"end":{"line":83,"column":3}},"loc":{"start":{"line":83,"column":38},"end":{"line":97,"column":3}},"line":83},"2":{"name":"(anonymous_2)","decl":{"start":{"line":99,"column":2},"end":{"line":99,"column":3}},"loc":{"start":{"line":99,"column":40},"end":{"line":110,"column":3}},"line":99},"3":{"name":"(anonymous_3)","decl":{"start":{"line":112,"column":2},"end":{"line":112,"column":3}},"loc":{"start":{"line":112,"column":40},"end":{"line":130,"column":3}},"line":112},"4":{"name":"(anonymous_4)","decl":{"start":{"line":132,"column":2},"end":{"line":132,"column":3}},"loc":{"start":{"line":132,"column":42},"end":{"line":150,"column":3}},"line":132},"5":{"name":"(anonymous_5)","decl":{"start":{"line":152,"column":2},"end":{"line":152,"column":3}},"loc":{"start":{"line":152,"column":40},"end":{"line":234,"column":3}},"line":152},"6":{"name":"main","decl":{"start":{"line":209,"column":23},"end":{"line":209,"column":27}},"loc":{"start":{"line":209,"column":30},"end":{"line":218,"column":9}},"line":209},"7":{"name":"(anonymous_7)","decl":{"start":{"line":236,"column":2},"end":{"line":236,"column":3}},"loc":{"start":{"line":236,"column":44},"end":{"line":276,"column":3}},"line":236},"8":{"name":"(anonymous_8)","decl":{"start":{"line":278,"column":2},"end":{"line":278,"column":3}},"loc":{"start":{"line":278,"column":41},"end":{"line":314,"column":3}},"line":278},"9":{"name":"(anonymous_9)","decl":{"start":{"line":316,"column":2},"end":{"line":316,"column":3}},"loc":{"start":{"line":316,"column":38},"end":{"line":325,"column":3}},"line":316}},"branchMap":{"0":{"loc":{"start":{"line":16,"column":6},"end":{"line":20,"column":7}},"type":"if","locations":[{"start":{"line":16,"column":6},"end":{"line":20,"column":7}},{"start":{},"end":{}}],"line":16},"1":{"loc":{"start":{"line":22,"column":6},"end":{"line":30,"column":7}},"type":"if","locations":[{"start":{"line":22,"column":6},"end":{"line":30,"column":7}},{"start":{},"end":{}}],"line":22},"2":{"loc":{"start":{"line":23,"column":8},"end":{"line":29,"column":9}},"type":"if","locations":[{"start":{"line":23,"column":8},"end":{"line":29,"column":9}},{"start":{"line":27,"column":15},"end":{"line":29,"column":9}}],"line":23},"3":{"loc":{"start":{"line":32,"column":6},"end":{"line":36,"column":7}},"type":"if","locations":[{"start":{"line":32,"column":6},"end":{"line":36,"column":7}},{"start":{},"end":{}}],"line":32},"4":{"loc":{"start":{"line":33,"column":22},"end":{"line":33,"column":54}},"type":"cond-expr","locations":[{"start":{"line":33,"column":40},"end":{"line":33,"column":46}},{"start":{"line":33,"column":49},"end":{"line":33,"column":54}}],"line":33},"5":{"loc":{"start":{"line":34,"column":23},"end":{"line":34,"column":62}},"type":"cond-expr","locations":[{"start":{"line":34,"column":42},"end":{"line":34,"column":55}},{"start":{"line":34,"column":58},"end":{"line":34,"column":62}}],"line":34},"6":{"loc":{"start":{"line":41,"column":6},"end":{"line":61,"column":7}},"type":"if","locations":[{"start":{"line":41,"column":6},"end":{"line":61,"column":7}},{"start":{"line":58,"column":13},"end":{"line":61,"column":7}}],"line":41},"7":{"loc":{"start":{"line":43,"column":8},"end":{"line":48,"column":9}},"type":"if","locations":[{"start":{"line":43,"column":8},"end":{"line":48,"column":9}},{"start":{"line":46,"column":15},"end":{"line":48,"column":9}}],"line":43},"8":{"loc":{"start":{"line":51,"column":8},"end":{"line":56,"column":9}},"type":"if","locations":[{"start":{"line":51,"column":8},"end":{"line":56,"column":9}},{"start":{"line":54,"column":15},"end":{"line":56,"column":9}}],"line":51},"9":{"loc":{"start":{"line":67,"column":6},"end":{"line":69,"column":7}},"type":"if","locations":[{"start":{"line":67,"column":6},"end":{"line":69,"column":7}},{"start":{},"end":{}}],"line":67},"10":{"loc":{"start":{"line":90,"column":6},"end":{"line":92,"column":7}},"type":"if","locations":[{"start":{"line":90,"column":6},"end":{"line":92,"column":7}},{"start":{},"end":{}}],"line":90},"11":{"loc":{"start":{"line":118,"column":6},"end":{"line":120,"column":7}},"type":"if","locations":[{"start":{"line":118,"column":6},"end":{"line":120,"column":7}},{"start":{},"end":{}}],"line":118},"12":{"loc":{"start":{"line":138,"column":6},"end":{"line":140,"column":7}},"type":"if","locations":[{"start":{"line":138,"column":6},"end":{"line":140,"column":7}},{"start":{},"end":{}}],"line":138},"13":{"loc":{"start":{"line":176,"column":13},"end":{"line":176,"column":64}},"type":"cond-expr","locations":[{"start":{"line":176,"column":53},"end":{"line":176,"column":55}},{"start":{"line":176,"column":58},"end":{"line":176,"column":64}}],"line":176},"14":{"loc":{"start":{"line":201,"column":6},"end":{"line":220,"column":7}},"type":"if","locations":[{"start":{"line":201,"column":6},"end":{"line":220,"column":7}},{"start":{},"end":{}}],"line":201},"15":{"loc":{"start":{"line":244,"column":6},"end":{"line":246,"column":7}},"type":"if","locations":[{"start":{"line":244,"column":6},"end":{"line":246,"column":7}},{"start":{},"end":{}}],"line":244},"16":{"loc":{"start":{"line":263,"column":6},"end":{"line":272,"column":7}},"type":"if","locations":[{"start":{"line":263,"column":6},"end":{"line":272,"column":7}},{"start":{"line":270,"column":13},"end":{"line":272,"column":7}}],"line":263},"17":{"loc":{"start":{"line":264,"column":8},"end":{"line":265,"column":29}},"type":"binary-expr","locations":[{"start":{"line":264,"column":8},"end":{"line":264,"column":43}},{"start":{"line":265,"column":8},"end":{"line":265,"column":29}}],"line":264},"18":{"loc":{"start":{"line":280,"column":6},"end":{"line":282,"column":7}},"type":"if","locations":[{"start":{"line":280,"column":6},"end":{"line":282,"column":7}},{"start":{},"end":{}}],"line":280},"19":{"loc":{"start":{"line":288,"column":6},"end":{"line":290,"column":7}},"type":"if","locations":[{"start":{"line":288,"column":6},"end":{"line":290,"column":7}},{"start":{},"end":{}}],"line":288}},"s":{"0":2,"1":2,"2":2,"3":2,"4":2,"5":2,"6":1,"7":1,"8":1,"9":1,"10":0,"11":1,"12":0,"13":0,"14":0,"15":1,"16":0,"17":0,"18":0,"19":1,"20":1,"21":1,"22":0,"23":0,"24":0,"25":0,"26":0,"27":0,"28":0,"29":0,"30":1,"31":1,"32":1,"33":1,"34":1,"35":0,"36":1,"37":0,"38":2,"39":2,"40":2,"41":2,"42":1,"43":1,"44":1,"45":2,"46":2,"47":1,"48":1,"49":1,"50":3,"51":3,"52":3,"53":2,"54":1,"55":1,"56":1,"57":2,"58":2,"59":2,"60":2,"61":1,"62":1,"63":1,"64":1,"65":0,"66":0,"67":0,"68":0,"69":0,"70":0,"71":0,"72":0,"73":0,"74":0,"75":0,"76":0,"77":0,"78":0,"79":0,"80":0,"81":0,"82":0,"83":0,"84":0,"85":0,"86":0,"87":0,"88":0,"89":0,"90":0,"91":0,"92":0,"93":0,"94":0,"95":0,"96":0,"97":0,"98":0,"99":0,"100":0,"101":0,"102":0,"103":0,"104":0,"105":0,"106":0,"107":0,"108":0,"109":0,"110":0,"111":0,"112":0,"113":0,"114":0,"115":2},"f":{"0":1,"1":2,"2":2,"3":3,"4":2,"5":0,"6":0,"7":0,"8":0,"9":0},"b":{"0":[0,1],"1":[0,1],"2":[0,0],"3":[0,1],"4":[0,0],"5":[0,0],"6":[0,1],"7":[0,0],"8":[0,0],"9":[0,1],"10":[1,1],"11":[1,1],"12":[1,1],"13":[0,0],"14":[0,0],"15":[0,0],"16":[0,0],"17":[0,0],"18":[0,0],"19":[0,0]},"_coverageSchema":"1a1c01bbd47fc00a2c39e90264f33305004495a9","hash":"66e37d3d7c7eadcd0b988218aaad3315dbde21b7"}
,"/Users/test/github-classroom/H8-FSJS-P2S6/ip-galihadityam1/server/controllers/UserController.js": {"path":"/Users/test/github-classroom/H8-FSJS-P2S6/ip-galihadityam1/server/controllers/UserController.js","statementMap":{"0":{"start":{"line":1,"column":15},"end":{"line":1,"column":46}},"1":{"start":{"line":2,"column":24},"end":{"line":2,"column":53}},"2":{"start":{"line":3,"column":25},"end":{"line":3,"column":55}},"3":{"start":{"line":4,"column":15},"end":{"line":4,"column":33}},"4":{"start":{"line":8,"column":28},"end":{"line":8,"column":36}},"5":{"start":{"line":9,"column":4},"end":{"line":32,"column":5}},"6":{"start":{"line":10,"column":21},"end":{"line":14,"column":8}},"7":{"start":{"line":15,"column":30},"end":{"line":15,"column":49}},"8":{"start":{"line":16,"column":30},"end":{"line":23,"column":8}},"9":{"start":{"line":24,"column":22},"end":{"line":24,"column":37}},"10":{"start":{"line":25,"column":27},"end":{"line":25,"column":52}},"11":{"start":{"line":26,"column":6},"end":{"line":28,"column":74}},"12":{"start":{"line":30,"column":6},"end":{"line":30,"column":25}},"13":{"start":{"line":31,"column":6},"end":{"line":31,"column":18}},"14":{"start":{"line":36,"column":4},"end":{"line":65,"column":5}},"15":{"start":{"line":37,"column":34},"end":{"line":37,"column":42}},"16":{"start":{"line":38,"column":6},"end":{"line":40,"column":7}},"17":{"start":{"line":39,"column":8},"end":{"line":39,"column":40}},"18":{"start":{"line":42,"column":6},"end":{"line":44,"column":7}},"19":{"start":{"line":43,"column":8},"end":{"line":43,"column":39}},"20":{"start":{"line":46,"column":19},"end":{"line":46,"column":59}},"21":{"start":{"line":47,"column":6},"end":{"line":49,"column":7}},"22":{"start":{"line":48,"column":8},"end":{"line":48,"column":38}},"23":{"start":{"line":51,"column":30},"end":{"line":51,"column":78}},"24":{"start":{"line":52,"column":6},"end":{"line":54,"column":7}},"25":{"start":{"line":53,"column":8},"end":{"line":53,"column":39}},"26":{"start":{"line":56,"column":22},"end":{"line":59,"column":7}},"27":{"start":{"line":60,"column":27},"end":{"line":60,"column":52}},"28":{"start":{"line":62,"column":6},"end":{"line":62,"column":71}},"29":{"start":{"line":64,"column":6},"end":{"line":64,"column":18}},"30":{"start":{"line":69,"column":4},"end":{"line":79,"column":5}},"31":{"start":{"line":70,"column":19},"end":{"line":70,"column":46}},"32":{"start":{"line":71,"column":22},"end":{"line":74,"column":8}},"33":{"start":{"line":76,"column":6},"end":{"line":76,"column":65}},"34":{"start":{"line":78,"column":6},"end":{"line":78,"column":18}},"35":{"start":{"line":83,"column":0},"end":{"line":83,"column":32}}},"fnMap":{"0":{"name":"(anonymous_0)","decl":{"start":{"line":7,"column":2},"end":{"line":7,"column":3}},"loc":{"start":{"line":7,"column":43},"end":{"line":33,"column":3}},"line":7},"1":{"name":"(anonymous_1)","decl":{"start":{"line":35,"column":2},"end":{"line":35,"column":3}},"loc":{"start":{"line":35,"column":37},"end":{"line":66,"column":3}},"line":35},"2":{"name":"(anonymous_2)","decl":{"start":{"line":68,"column":2},"end":{"line":68,"column":3}},"loc":{"start":{"line":68,"column":40},"end":{"line":80,"column":3}},"line":68}},"branchMap":{"0":{"loc":{"start":{"line":38,"column":6},"end":{"line":40,"column":7}},"type":"if","locations":[{"start":{"line":38,"column":6},"end":{"line":40,"column":7}},{"start":{},"end":{}}],"line":38},"1":{"loc":{"start":{"line":42,"column":6},"end":{"line":44,"column":7}},"type":"if","locations":[{"start":{"line":42,"column":6},"end":{"line":44,"column":7}},{"start":{},"end":{}}],"line":42},"2":{"loc":{"start":{"line":47,"column":6},"end":{"line":49,"column":7}},"type":"if","locations":[{"start":{"line":47,"column":6},"end":{"line":49,"column":7}},{"start":{},"end":{}}],"line":47},"3":{"loc":{"start":{"line":52,"column":6},"end":{"line":54,"column":7}},"type":"if","locations":[{"start":{"line":52,"column":6},"end":{"line":54,"column":7}},{"start":{},"end":{}}],"line":52}},"s":{"0":2,"1":2,"2":2,"3":2,"4":0,"5":0,"6":0,"7":0,"8":0,"9":0,"10":0,"11":0,"12":0,"13":0,"14":5,"15":5,"16":5,"17":1,"18":4,"19":1,"20":3,"21":3,"22":1,"23":2,"24":2,"25":1,"26":1,"27":1,"28":1,"29":4,"30":7,"31":7,"32":1,"33":1,"34":6,"35":2},"f":{"0":0,"1":5,"2":7},"b":{"0":[1,4],"1":[1,3],"2":[1,2],"3":[1,1]},"_coverageSchema":"1a1c01bbd47fc00a2c39e90264f33305004495a9","hash":"e77d89756e52fce37376cfa304b08279029b67dc"}
,"/Users/test/github-classroom/H8-FSJS-P2S6/ip-galihadityam1/server/helpers/helper.js": {"path":"/Users/test/github-classroom/H8-FSJS-P2S6/ip-galihadityam1/server/helpers/helper.js","statementMap":{"0":{"start":{"line":1,"column":15},"end":{"line":1,"column":34}},"1":{"start":{"line":2,"column":12},"end":{"line":2,"column":35}},"2":{"start":{"line":3,"column":15},"end":{"line":3,"column":23}},"3":{"start":{"line":7,"column":23},"end":{"line":10,"column":12}},"4":{"start":{"line":11,"column":10},"end":{"line":11,"column":39}},"5":{"start":{"line":15,"column":8},"end":{"line":15,"column":56}},"6":{"start":{"line":19,"column":8},"end":{"line":19,"column":41}},"7":{"start":{"line":23,"column":8},"end":{"line":23,"column":41}},"8":{"start":{"line":27,"column":0},"end":{"line":27,"column":23}}},"fnMap":{"0":{"name":"(anonymous_0)","decl":{"start":{"line":6,"column":4},"end":{"line":6,"column":5}},"loc":{"start":{"line":6,"column":29},"end":{"line":12,"column":5}},"line":6},"1":{"name":"(anonymous_1)","decl":{"start":{"line":14,"column":4},"end":{"line":14,"column":5}},"loc":{"start":{"line":14,"column":50},"end":{"line":16,"column":5}},"line":14},"2":{"name":"(anonymous_2)","decl":{"start":{"line":18,"column":4},"end":{"line":18,"column":5}},"loc":{"start":{"line":18,"column":29},"end":{"line":20,"column":5}},"line":18},"3":{"name":"(anonymous_3)","decl":{"start":{"line":22,"column":4},"end":{"line":22,"column":5}},"loc":{"start":{"line":22,"column":29},"end":{"line":24,"column":5}},"line":22}},"branchMap":{},"s":{"0":2,"1":2,"2":2,"3":0,"4":0,"5":2,"6":4,"7":17,"8":2},"f":{"0":0,"1":2,"2":4,"3":17},"b":{},"_coverageSchema":"1a1c01bbd47fc00a2c39e90264f33305004495a9","hash":"4e7722a41da33a8c61a9e68dfbf992cbfcd689ff"}
,"/Users/test/github-classroom/H8-FSJS-P2S6/ip-galihadityam1/server/middlewares/authentication.js": {"path":"/Users/test/github-classroom/H8-FSJS-P2S6/ip-galihadityam1/server/middlewares/authentication.js","statementMap":{"0":{"start":{"line":1,"column":17},"end":{"line":1,"column":37}},"1":{"start":{"line":2,"column":15},"end":{"line":2,"column":43}},"2":{"start":{"line":5,"column":2},"end":{"line":30,"column":3}},"3":{"start":{"line":6,"column":30},"end":{"line":6,"column":41}},"4":{"start":{"line":8,"column":4},"end":{"line":10,"column":5}},"5":{"start":{"line":9,"column":6},"end":{"line":9,"column":40}},"6":{"start":{"line":12,"column":26},"end":{"line":12,"column":50}},"7":{"start":{"line":13,"column":4},"end":{"line":15,"column":5}},"8":{"start":{"line":14,"column":6},"end":{"line":14,"column":40}},"9":{"start":{"line":17,"column":19},"end":{"line":17,"column":44}},"10":{"start":{"line":19,"column":17},"end":{"line":19,"column":40}},"11":{"start":{"line":20,"column":4},"end":{"line":22,"column":5}},"12":{"start":{"line":21,"column":6},"end":{"line":21,"column":40}},"13":{"start":{"line":24,"column":4},"end":{"line":24,"column":20}},"14":{"start":{"line":26,"column":4},"end":{"line":26,"column":11}},"15":{"start":{"line":28,"column":4},"end":{"line":28,"column":23}},"16":{"start":{"line":29,"column":4},"end":{"line":29,"column":16}},"17":{"start":{"line":33,"column":0},"end":{"line":33,"column":33}}},"fnMap":{"0":{"name":"loginValidation","decl":{"start":{"line":4,"column":15},"end":{"line":4,"column":30}},"loc":{"start":{"line":4,"column":47},"end":{"line":31,"column":1}},"line":4}},"branchMap":{"0":{"loc":{"start":{"line":8,"column":4},"end":{"line":10,"column":5}},"type":"if","locations":[{"start":{"line":8,"column":4},"end":{"line":10,"column":5}},{"start":{},"end":{}}],"line":8},"1":{"loc":{"start":{"line":13,"column":4},"end":{"line":15,"column":5}},"type":"if","locations":[{"start":{"line":13,"column":4},"end":{"line":15,"column":5}},{"start":{},"end":{}}],"line":13},"2":{"loc":{"start":{"line":20,"column":4},"end":{"line":22,"column":5}},"type":"if","locations":[{"start":{"line":20,"column":4},"end":{"line":22,"column":5}},{"start":{},"end":{}}],"line":20}},"s":{"0":2,"1":2,"2":21,"3":21,"4":21,"5":0,"6":21,"7":21,"8":4,"9":17,"10":13,"11":13,"12":0,"13":13,"14":13,"15":8,"16":8,"17":2},"f":{"0":21},"b":{"0":[0,21],"1":[4,17],"2":[0,13]},"_coverageSchema":"1a1c01bbd47fc00a2c39e90264f33305004495a9","hash":"19e14d75e79feaa3d57fe10607edc41773318a8a"}
,"/Users/test/github-classroom/H8-FSJS-P2S6/ip-galihadityam1/server/middlewares/authorization.js": {"path":"/Users/test/github-classroom/H8-FSJS-P2S6/ip-galihadityam1/server/middlewares/authorization.js","statementMap":{"0":{"start":{"line":3,"column":2},"end":{"line":10,"column":3}},"1":{"start":{"line":4,"column":4},"end":{"line":6,"column":5}},"2":{"start":{"line":5,"column":6},"end":{"line":5,"column":34}},"3":{"start":{"line":7,"column":4},"end":{"line":7,"column":11}},"4":{"start":{"line":9,"column":4},"end":{"line":9,"column":16}},"5":{"start":{"line":13,"column":0},"end":{"line":13,"column":40}}},"fnMap":{"0":{"name":"AuthorizationAdmin","decl":{"start":{"line":2,"column":15},"end":{"line":2,"column":33}},"loc":{"start":{"line":2,"column":50},"end":{"line":11,"column":1}},"line":2}},"branchMap":{"0":{"loc":{"start":{"line":4,"column":4},"end":{"line":6,"column":5}},"type":"if","locations":[{"start":{"line":4,"column":4},"end":{"line":6,"column":5}},{"start":{},"end":{}}],"line":4}},"s":{"0":10,"1":10,"2":3,"3":7,"4":3,"5":2},"f":{"0":10},"b":{"0":[3,7]},"_coverageSchema":"1a1c01bbd47fc00a2c39e90264f33305004495a9","hash":"df48dfc75c160392881364ce67342afc0869c2c8"}
,"/Users/test/github-classroom/H8-FSJS-P2S6/ip-galihadityam1/server/middlewares/errHandler.js": {"path":"/Users/test/github-classroom/H8-FSJS-P2S6/ip-galihadityam1/server/middlewares/errHandler.js","statementMap":{"0":{"start":{"line":1,"column":19},"end":{"line":39,"column":3}},"1":{"start":{"line":2,"column":4},"end":{"line":38,"column":5}},"2":{"start":{"line":5,"column":8},"end":{"line":5,"column":65}},"3":{"start":{"line":6,"column":8},"end":{"line":6,"column":14}},"4":{"start":{"line":8,"column":8},"end":{"line":8,"column":63}},"5":{"start":{"line":9,"column":8},"end":{"line":9,"column":14}},"6":{"start":{"line":11,"column":8},"end":{"line":11,"column":66}},"7":{"start":{"line":12,"column":8},"end":{"line":12,"column":14}},"8":{"start":{"line":14,"column":8},"end":{"line":14,"column":68}},"9":{"start":{"line":15,"column":8},"end":{"line":15,"column":14}},"10":{"start":{"line":17,"column":8},"end":{"line":17,"column":67}},"11":{"start":{"line":18,"column":8},"end":{"line":18,"column":14}},"12":{"start":{"line":20,"column":8},"end":{"line":20,"column":68}},"13":{"start":{"line":21,"column":8},"end":{"line":21,"column":14}},"14":{"start":{"line":23,"column":8},"end":{"line":23,"column":60}},"15":{"start":{"line":24,"column":8},"end":{"line":24,"column":14}},"16":{"start":{"line":26,"column":8},"end":{"line":26,"column":59}},"17":{"start":{"line":27,"column":8},"end":{"line":27,"column":14}},"18":{"start":{"line":29,"column":8},"end":{"line":29,"column":60}},"19":{"start":{"line":30,"column":8},"end":{"line":30,"column":14}},"20":{"start":{"line":32,"column":8},"end":{"line":32,"column":58}},"21":{"start":{"line":33,"column":8},"end":{"line":33,"column":14}},"22":{"start":{"line":35,"column":8},"end":{"line":35,"column":41}},"23":{"start":{"line":36,"column":8},"end":{"line":36,"column":67}},"24":{"start":{"line":37,"column":8},"end":{"line":37,"column":14}},"25":{"start":{"line":41,"column":2},"end":{"line":41,"column":34}}},"fnMap":{"0":{"name":"(anonymous_0)","decl":{"start":{"line":1,"column":19},"end":{"line":1,"column":20}},"loc":{"start":{"line":1,"column":44},"end":{"line":39,"column":3}},"line":1}},"branchMap":{"0":{"loc":{"start":{"line":2,"column":4},"end":{"line":38,"column":5}},"type":"switch","locations":[{"start":{"line":3,"column":6},"end":{"line":3,"column":38}},{"start":{"line":4,"column":6},"end":{"line":6,"column":14}},{"start":{"line":7,"column":6},"end":{"line":9,"column":14}},{"start":{"line":10,"column":6},"end":{"line":12,"column":14}},{"start":{"line":13,"column":6},"end":{"line":15,"column":14}},{"start":{"line":16,"column":6},"end":{"line":18,"column":14}},{"start":{"line":19,"column":6},"end":{"line":21,"column":14}},{"start":{"line":22,"column":6},"end":{"line":24,"column":14}},{"start":{"line":25,"column":6},"end":{"line":27,"column":14}},{"start":{"line":28,"column":6},"end":{"line":30,"column":14}},{"start":{"line":31,"column":6},"end":{"line":33,"column":14}},{"start":{"line":34,"column":6},"end":{"line":37,"column":14}}],"line":2}},"s":{"0":2,"1":26,"2":8,"3":8,"4":1,"5":1,"6":1,"7":1,"8":1,"9":1,"10":4,"11":4,"12":1,"13":1,"14":3,"15":3,"16":3,"17":3,"18":0,"19":0,"20":4,"21":4,"22":0,"23":0,"24":0,"25":2},"f":{"0":26},"b":{"0":[7,8,1,1,1,4,1,3,3,0,4,0]},"_coverageSchema":"1a1c01bbd47fc00a2c39e90264f33305004495a9","hash":"268a029d98b3823ecd97a04accdf1dec4fdb43e9"}
,"/Users/test/github-classroom/H8-FSJS-P2S6/ip-galihadityam1/server/middlewares/uploader.js": {"path":"/Users/test/github-classroom/H8-FSJS-P2S6/ip-galihadityam1/server/middlewares/uploader.js","statementMap":{"0":{"start":{"line":1,"column":15},"end":{"line":1,"column":32}},"1":{"start":{"line":3,"column":17},"end":{"line":5,"column":2}},"2":{"start":{"line":7,"column":0},"end":{"line":7,"column":25}}},"fnMap":{},"branchMap":{},"s":{"0":2,"1":2,"2":2},"f":{},"b":{},"_coverageSchema":"1a1c01bbd47fc00a2c39e90264f33305004495a9","hash":"1c6a447b1c1275afe8a14e3ed8272c6a6948c9f6"}
,"/Users/test/github-classroom/H8-FSJS-P2S6/ip-galihadityam1/server/models/index.js": {"path":"/Users/test/github-classroom/H8-FSJS-P2S6/ip-galihadityam1/server/models/index.js","statementMap":{"0":{"start":{"line":3,"column":11},"end":{"line":3,"column":24}},"1":{"start":{"line":4,"column":13},"end":{"line":4,"column":28}},"2":{"start":{"line":5,"column":18},"end":{"line":5,"column":38}},"3":{"start":{"line":6,"column":16},"end":{"line":6,"column":34}},"4":{"start":{"line":7,"column":17},"end":{"line":7,"column":42}},"5":{"start":{"line":8,"column":12},"end":{"line":8,"column":49}},"6":{"start":{"line":9,"column":15},"end":{"line":9,"column":65}},"7":{"start":{"line":10,"column":11},"end":{"line":10,"column":13}},"8":{"start":{"line":13,"column":0},"end":{"line":17,"column":1}},"9":{"start":{"line":14,"column":2},"end":{"line":14,"column":74}},"10":{"start":{"line":16,"column":2},"end":{"line":16,"column":87}},"11":{"start":{"line":19,"column":0},"end":{"line":32,"column":5}},"12":{"start":{"line":22,"column":4},"end":{"line":27,"column":6}},"13":{"start":{"line":30,"column":18},"end":{"line":30,"column":85}},"14":{"start":{"line":31,"column":4},"end":{"line":31,"column":27}},"15":{"start":{"line":34,"column":0},"end":{"line":38,"column":3}},"16":{"start":{"line":35,"column":2},"end":{"line":37,"column":3}},"17":{"start":{"line":36,"column":4},"end":{"line":36,"column":32}},"18":{"start":{"line":40,"column":0},"end":{"line":40,"column":25}},"19":{"start":{"line":41,"column":0},"end":{"line":41,"column":25}},"20":{"start":{"line":43,"column":0},"end":{"line":43,"column":20}}},"fnMap":{"0":{"name":"(anonymous_0)","decl":{"start":{"line":21,"column":10},"end":{"line":21,"column":11}},"loc":{"start":{"line":21,"column":18},"end":{"line":28,"column":3}},"line":21},"1":{"name":"(anonymous_1)","decl":{"start":{"line":29,"column":11},"end":{"line":29,"column":12}},"loc":{"start":{"line":29,"column":19},"end":{"line":32,"column":3}},"line":29},"2":{"name":"(anonymous_2)","decl":{"start":{"line":34,"column":24},"end":{"line":34,"column":25}},"loc":{"start":{"line":34,"column":37},"end":{"line":38,"column":1}},"line":34}},"branchMap":{"0":{"loc":{"start":{"line":8,"column":12},"end":{"line":8,"column":49}},"type":"binary-expr","locations":[{"start":{"line":8,"column":12},"end":{"line":8,"column":32}},{"start":{"line":8,"column":36},"end":{"line":8,"column":49}}],"line":8},"1":{"loc":{"start":{"line":13,"column":0},"end":{"line":17,"column":1}},"type":"if","locations":[{"start":{"line":13,"column":0},"end":{"line":17,"column":1}},{"start":{"line":15,"column":7},"end":{"line":17,"column":1}}],"line":13},"2":{"loc":{"start":{"line":23,"column":6},"end":{"line":26,"column":37}},"type":"binary-expr","locations":[{"start":{"line":23,"column":6},"end":{"line":23,"column":29}},{"start":{"line":24,"column":6},"end":{"line":24,"column":23}},{"start":{"line":25,"column":6},"end":{"line":25,"column":30}},{"start":{"line":26,"column":6},"end":{"line":26,"column":37}}],"line":23},"3":{"loc":{"start":{"line":35,"column":2},"end":{"line":37,"column":3}},"type":"if","locations":[{"start":{"line":35,"column":2},"end":{"line":37,"column":3}},{"start":{},"end":{}}],"line":35}},"s":{"0":2,"1":2,"2":2,"3":2,"4":2,"5":2,"6":2,"7":2,"8":2,"9":0,"10":2,"11":2,"12":8,"13":6,"14":6,"15":2,"16":6,"17":6,"18":2,"19":2,"20":2},"f":{"0":8,"1":6,"2":6},"b":{"0":[2,0],"1":[0,2],"2":[8,8,6,6],"3":[6,0]},"_coverageSchema":"1a1c01bbd47fc00a2c39e90264f33305004495a9","hash":"959a8c0eb49b5445121a623bad578b837daeac80"}
,"/Users/test/github-classroom/H8-FSJS-P2S6/ip-galihadityam1/server/models/menu.js": {"path":"/Users/test/github-classroom/H8-FSJS-P2S6/ip-galihadityam1/server/models/menu.js","statementMap":{"0":{"start":{"line":4,"column":4},"end":{"line":4,"column":24}},"1":{"start":{"line":5,"column":15},"end":{"line":5,"column":43}},"2":{"start":{"line":6,"column":0},"end":{"line":54,"column":2}},"3":{"start":{"line":15,"column":6},"end":{"line":15,"column":32}},"4":{"start":{"line":19,"column":6},"end":{"line":19,"column":43}},"5":{"start":{"line":22,"column":2},"end":{"line":52,"column":5}},"6":{"start":{"line":53,"column":2},"end":{"line":53,"column":14}}},"fnMap":{"0":{"name":"(anonymous_0)","decl":{"start":{"line":6,"column":17},"end":{"line":6,"column":18}},"loc":{"start":{"line":6,"column":43},"end":{"line":54,"column":1}},"line":6},"1":{"name":"(anonymous_1)","decl":{"start":{"line":13,"column":4},"end":{"line":13,"column":5}},"loc":{"start":{"line":13,"column":29},"end":{"line":16,"column":5}},"line":13},"2":{"name":"(anonymous_2)","decl":{"start":{"line":18,"column":4},"end":{"line":18,"column":5}},"loc":{"start":{"line":18,"column":21},"end":{"line":20,"column":5}},"line":18}},"branchMap":{},"s":{"0":2,"1":2,"2":2,"3":2,"4":0,"5":2,"6":2},"f":{"0":2,"1":2,"2":0},"b":{},"_coverageSchema":"1a1c01bbd47fc00a2c39e90264f33305004495a9","hash":"fe401b63128f0cd4fd3d9f77fff8faa644e50197"}
,"/Users/test/github-classroom/H8-FSJS-P2S6/ip-galihadityam1/server/models/order.js": {"path":"/Users/test/github-classroom/H8-FSJS-P2S6/ip-galihadityam1/server/models/order.js","statementMap":{"0":{"start":{"line":4,"column":4},"end":{"line":4,"column":24}},"1":{"start":{"line":5,"column":0},"end":{"line":37,"column":2}},"2":{"start":{"line":14,"column":6},"end":{"line":14,"column":34}},"3":{"start":{"line":15,"column":6},"end":{"line":15,"column":34}},"4":{"start":{"line":18,"column":2},"end":{"line":35,"column":5}},"5":{"start":{"line":36,"column":2},"end":{"line":36,"column":15}}},"fnMap":{"0":{"name":"(anonymous_0)","decl":{"start":{"line":5,"column":17},"end":{"line":5,"column":18}},"loc":{"start":{"line":5,"column":43},"end":{"line":37,"column":1}},"line":5},"1":{"name":"(anonymous_1)","decl":{"start":{"line":12,"column":4},"end":{"line":12,"column":5}},"loc":{"start":{"line":12,"column":29},"end":{"line":16,"column":5}},"line":12}},"branchMap":{},"s":{"0":2,"1":2,"2":2,"3":2,"4":2,"5":2},"f":{"0":2,"1":2},"b":{},"_coverageSchema":"1a1c01bbd47fc00a2c39e90264f33305004495a9","hash":"8e9c3325c64d547dd5eaec6de0a7ee482781fa3f"}
,"/Users/test/github-classroom/H8-FSJS-P2S6/ip-galihadityam1/server/models/user.js": {"path":"/Users/test/github-classroom/H8-FSJS-P2S6/ip-galihadityam1/server/models/user.js","statementMap":{"0":{"start":{"line":2,"column":15},"end":{"line":2,"column":34}},"1":{"start":{"line":5,"column":4},"end":{"line":5,"column":24}},"2":{"start":{"line":6,"column":0},"end":{"line":70,"column":2}},"3":{"start":{"line":15,"column":6},"end":{"line":15,"column":32}},"4":{"start":{"line":18,"column":2},"end":{"line":68,"column":5}},"5":{"start":{"line":62,"column":8},"end":{"line":65,"column":10}},"6":{"start":{"line":69,"column":2},"end":{"line":69,"column":14}}},"fnMap":{"0":{"name":"(anonymous_0)","decl":{"start":{"line":6,"column":17},"end":{"line":6,"column":18}},"loc":{"start":{"line":6,"column":43},"end":{"line":70,"column":1}},"line":6},"1":{"name":"(anonymous_1)","decl":{"start":{"line":13,"column":4},"end":{"line":13,"column":5}},"loc":{"start":{"line":13,"column":29},"end":{"line":16,"column":5}},"line":13},"2":{"name":"(anonymous_2)","decl":{"start":{"line":60,"column":6},"end":{"line":60,"column":7}},"loc":{"start":{"line":60,"column":34},"end":{"line":66,"column":7}},"line":60}},"branchMap":{},"s":{"0":2,"1":2,"2":2,"3":2,"4":2,"5":5,"6":2},"f":{"0":2,"1":2,"2":5},"b":{},"_coverageSchema":"1a1c01bbd47fc00a2c39e90264f33305004495a9","hash":"0f26986624d8a755d5f4d4aecbb2b9a80384b3cf"}
,"/Users/test/github-classroom/H8-FSJS-P2S6/ip-galihadityam1/server/routers/index.js": {"path":"/Users/test/github-classroom/H8-FSJS-P2S6/ip-galihadityam1/server/routers/index.js","statementMap":{"0":{"start":{"line":1,"column":16},"end":{"line":1,"column":34}},"1":{"start":{"line":2,"column":23},"end":{"line":2,"column":63}},"2":{"start":{"line":3,"column":24},"end":{"line":3,"column":64}},"3":{"start":{"line":4,"column":19},"end":{"line":4,"column":55}},"4":{"start":{"line":5,"column":15},"end":{"line":5,"column":31}},"5":{"start":{"line":6,"column":17},"end":{"line":6,"column":54}},"6":{"start":{"line":7,"column":23},"end":{"line":7,"column":62}},"7":{"start":{"line":8,"column":31},"end":{"line":8,"column":73}},"8":{"start":{"line":11,"column":0},"end":{"line":11,"column":44}},"9":{"start":{"line":12,"column":0},"end":{"line":12,"column":50}},"10":{"start":{"line":13,"column":0},"end":{"line":13,"column":57}},"11":{"start":{"line":14,"column":0},"end":{"line":14,"column":50}},"12":{"start":{"line":15,"column":0},"end":{"line":15,"column":44}},"13":{"start":{"line":18,"column":0},"end":{"line":18,"column":28}},"14":{"start":{"line":21,"column":0},"end":{"line":21,"column":43}},"15":{"start":{"line":22,"column":0},"end":{"line":22,"column":62}},"16":{"start":{"line":23,"column":0},"end":{"line":23,"column":43}},"17":{"start":{"line":24,"column":0},"end":{"line":24,"column":65}},"18":{"start":{"line":25,"column":0},"end":{"line":25,"column":70}},"19":{"start":{"line":26,"column":0},"end":{"line":31,"column":2}},"20":{"start":{"line":34,"column":0},"end":{"line":34,"column":46}},"21":{"start":{"line":36,"column":0},"end":{"line":36,"column":23}},"22":{"start":{"line":38,"column":0},"end":{"line":38,"column":24}}},"fnMap":{},"branchMap":{},"s":{"0":2,"1":2,"2":2,"3":2,"4":2,"5":2,"6":2,"7":2,"8":2,"9":2,"10":2,"11":2,"12":2,"13":2,"14":2,"15":2,"16":2,"17":2,"18":2,"19":2,"20":2,"21":2,"22":2},"f":{},"b":{},"_coverageSchema":"1a1c01bbd47fc00a2c39e90264f33305004495a9","hash":"5366a053fe2b699cbbcfc407def865cc2999805a"}
}
