TN:
SF:app.js
FN:25,(anonymous_0)
FN:28,(anonymous_1)
FNF:2
FNH:0
FNDA:0,(anonymous_0)
FNDA:0,(anonymous_1)
DA:2,2
DA:4,2
DA:5,2
DA:6,2
DA:7,2
DA:8,2
DA:9,2
DA:11,2
DA:13,2
DA:15,2
DA:16,2
DA:18,2
DA:25,2
DA:26,0
DA:28,0
DA:29,0
DA:32,0
DA:38,2
DA:40,2
LF:19
LH:15
BRF:0
BRH:0
end_of_record
TN:
SF:controllers/Controller.js
FN:9,(anonymous_0)
FN:83,(anonymous_1)
FN:99,(anonymous_2)
FN:112,(anonymous_3)
FN:132,(anonymous_4)
FN:152,(anonymous_5)
FN:209,main
FN:236,(anonymous_7)
FN:278,(anonymous_8)
FN:316,(anonymous_9)
FNF:10
FNH:5
FNDA:1,(anonymous_0)
FNDA:2,(anonymous_1)
FNDA:2,(anonymous_2)
FNDA:3,(anonymous_3)
FNDA:2,(anonymous_4)
FNDA:0,(anonymous_5)
FNDA:0,main
FNDA:0,(anonymous_7)
FNDA:0,(anonymous_8)
FNDA:0,(anonymous_9)
DA:1,2
DA:2,2
DA:3,2
DA:4,2
DA:5,2
DA:6,2
DA:10,1
DA:11,1
DA:12,1
DA:16,1
DA:17,0
DA:22,1
DA:23,0
DA:24,0
DA:28,0
DA:32,1
DA:33,0
DA:34,0
DA:35,0
DA:38,1
DA:39,1
DA:41,1
DA:43,0
DA:44,0
DA:45,0
DA:47,0
DA:51,0
DA:52,0
DA:53,0
DA:55,0
DA:59,1
DA:60,1
DA:63,1
DA:65,1
DA:67,1
DA:68,0
DA:71,1
DA:79,0
DA:84,2
DA:85,2
DA:86,2
DA:90,2
DA:91,1
DA:93,1
DA:95,1
DA:100,2
DA:101,2
DA:105,1
DA:107,1
DA:108,1
DA:113,3
DA:114,3
DA:116,3
DA:118,2
DA:119,1
DA:122,1
DA:126,1
DA:128,2
DA:133,2
DA:134,2
DA:138,2
DA:139,1
DA:142,1
DA:146,1
DA:148,1
DA:153,0
DA:154,0
DA:156,0
DA:158,0
DA:160,0
DA:165,0
DA:171,0
DA:188,0
DA:189,0
DA:190,0
DA:191,0
DA:195,0
DA:197,0
DA:201,0
DA:202,0
DA:210,0
DA:217,0
DA:219,0
DA:222,0
DA:231,0
DA:232,0
DA:237,0
DA:238,0
DA:240,0
DA:242,0
DA:244,0
DA:245,0
DA:263,0
DA:267,0
DA:268,0
DA:269,0
DA:271,0
DA:274,0
DA:279,0
DA:280,0
DA:281,0
DA:284,0
DA:288,0
DA:289,0
DA:292,0
DA:293,0
DA:295,0
DA:301,0
DA:307,0
DA:310,0
DA:312,0
DA:317,0
DA:320,0
DA:321,0
DA:323,0
DA:328,2
LF:116
LH:49
BRDA:16,0,0,0
BRDA:16,0,1,1
BRDA:22,1,0,0
BRDA:22,1,1,1
BRDA:23,2,0,0
BRDA:23,2,1,0
BRDA:32,3,0,0
BRDA:32,3,1,1
BRDA:33,4,0,0
BRDA:33,4,1,0
BRDA:34,5,0,0
BRDA:34,5,1,0
BRDA:41,6,0,0
BRDA:41,6,1,1
BRDA:43,7,0,0
BRDA:43,7,1,0
BRDA:51,8,0,0
BRDA:51,8,1,0
BRDA:67,9,0,0
BRDA:67,9,1,1
BRDA:90,10,0,1
BRDA:90,10,1,1
BRDA:118,11,0,1
BRDA:118,11,1,1
BRDA:138,12,0,1
BRDA:138,12,1,1
BRDA:176,13,0,0
BRDA:176,13,1,0
BRDA:201,14,0,0
BRDA:201,14,1,0
BRDA:244,15,0,0
BRDA:244,15,1,0
BRDA:263,16,0,0
BRDA:263,16,1,0
BRDA:264,17,0,0
BRDA:264,17,1,0
BRDA:280,18,0,0
BRDA:280,18,1,0
BRDA:288,19,0,0
BRDA:288,19,1,0
BRF:40
BRH:11
end_of_record
TN:
SF:controllers/UserController.js
FN:7,(anonymous_0)
FN:35,(anonymous_1)
FN:68,(anonymous_2)
FNF:3
FNH:2
FNDA:0,(anonymous_0)
FNDA:5,(anonymous_1)
FNDA:7,(anonymous_2)
DA:1,2
DA:2,2
DA:3,2
DA:4,2
DA:8,0
DA:9,0
DA:10,0
DA:15,0
DA:16,0
DA:24,0
DA:25,0
DA:26,0
DA:30,0
DA:31,0
DA:36,5
DA:37,5
DA:38,5
DA:39,1
DA:42,4
DA:43,1
DA:46,3
DA:47,3
DA:48,1
DA:51,2
DA:52,2
DA:53,1
DA:56,1
DA:60,1
DA:62,1
DA:64,4
DA:69,7
DA:70,7
DA:71,1
DA:76,1
DA:78,6
DA:83,2
LF:36
LH:26
BRDA:38,0,0,1
BRDA:38,0,1,4
BRDA:42,1,0,1
BRDA:42,1,1,3
BRDA:47,2,0,1
BRDA:47,2,1,2
BRDA:52,3,0,1
BRDA:52,3,1,1
BRF:8
BRH:8
end_of_record
TN:
SF:helpers/helper.js
FN:6,(anonymous_0)
FN:14,(anonymous_1)
FN:18,(anonymous_2)
FN:22,(anonymous_3)
FNF:4
FNH:3
FNDA:0,(anonymous_0)
FNDA:2,(anonymous_1)
FNDA:4,(anonymous_2)
FNDA:17,(anonymous_3)
DA:1,2
DA:2,2
DA:3,2
DA:7,0
DA:11,0
DA:15,2
DA:19,4
DA:23,17
DA:27,2
LF:9
LH:7
BRF:0
BRH:0
end_of_record
TN:
SF:middlewares/authentication.js
FN:4,loginValidation
FNF:1
FNH:1
FNDA:21,loginValidation
DA:1,2
DA:2,2
DA:5,21
DA:6,21
DA:8,21
DA:9,0
DA:12,21
DA:13,21
DA:14,4
DA:17,17
DA:19,13
DA:20,13
DA:21,0
DA:24,13
DA:26,13
DA:28,8
DA:29,8
DA:33,2
LF:18
LH:16
BRDA:8,0,0,0
BRDA:8,0,1,21
BRDA:13,1,0,4
BRDA:13,1,1,17
BRDA:20,2,0,0
BRDA:20,2,1,13
BRF:6
BRH:4
end_of_record
TN:
SF:middlewares/authorization.js
FN:2,AuthorizationAdmin
FNF:1
FNH:1
FNDA:10,AuthorizationAdmin
DA:3,10
DA:4,10
DA:5,3
DA:7,7
DA:9,3
DA:13,2
LF:6
LH:6
BRDA:4,0,0,3
BRDA:4,0,1,7
BRF:2
BRH:2
end_of_record
TN:
SF:middlewares/errHandler.js
FN:1,(anonymous_0)
FNF:1
FNH:1
FNDA:26,(anonymous_0)
DA:1,2
DA:2,26
DA:5,8
DA:6,8
DA:8,1
DA:9,1
DA:11,1
DA:12,1
DA:14,1
DA:15,1
DA:17,4
DA:18,4
DA:20,1
DA:21,1
DA:23,3
DA:24,3
DA:26,3
DA:27,3
DA:29,0
DA:30,0
DA:32,4
DA:33,4
DA:35,0
DA:36,0
DA:37,0
DA:41,2
LF:26
LH:21
BRDA:2,0,0,7
BRDA:2,0,1,8
BRDA:2,0,2,1
BRDA:2,0,3,1
BRDA:2,0,4,1
BRDA:2,0,5,4
BRDA:2,0,6,1
BRDA:2,0,7,3
BRDA:2,0,8,3
BRDA:2,0,9,0
BRDA:2,0,10,4
BRDA:2,0,11,0
BRF:12
BRH:10
end_of_record
TN:
SF:middlewares/uploader.js
FNF:0
FNH:0
DA:1,2
DA:3,2
DA:7,2
LF:3
LH:3
BRF:0
BRH:0
end_of_record
TN:
SF:models/index.js
FN:21,(anonymous_0)
FN:29,(anonymous_1)
FN:34,(anonymous_2)
FNF:3
FNH:3
FNDA:8,(anonymous_0)
FNDA:6,(anonymous_1)
FNDA:6,(anonymous_2)
DA:3,2
DA:4,2
DA:5,2
DA:6,2
DA:7,2
DA:8,2
DA:9,2
DA:10,2
DA:13,2
DA:14,0
DA:16,2
DA:19,2
DA:22,8
DA:30,6
DA:31,6
DA:34,2
DA:35,6
DA:36,6
DA:40,2
DA:41,2
DA:43,2
LF:21
LH:20
BRDA:8,0,0,2
BRDA:8,0,1,0
BRDA:13,1,0,0
BRDA:13,1,1,2
BRDA:23,2,0,8
BRDA:23,2,1,8
BRDA:23,2,2,6
BRDA:23,2,3,6
BRDA:35,3,0,6
BRDA:35,3,1,0
BRF:10
BRH:7
end_of_record
TN:
SF:models/menu.js
FN:6,(anonymous_0)
FN:13,(anonymous_1)
FN:18,(anonymous_2)
FNF:3
FNH:2
FNDA:2,(anonymous_0)
FNDA:2,(anonymous_1)
FNDA:0,(anonymous_2)
DA:4,2
DA:5,2
DA:6,2
DA:15,2
DA:19,0
DA:22,2
DA:53,2
LF:7
LH:6
BRF:0
BRH:0
end_of_record
TN:
SF:models/order.js
FN:5,(anonymous_0)
FN:12,(anonymous_1)
FNF:2
FNH:2
FNDA:2,(anonymous_0)
FNDA:2,(anonymous_1)
DA:4,2
DA:5,2
DA:14,2
DA:15,2
DA:18,2
DA:36,2
LF:6
LH:6
BRF:0
BRH:0
end_of_record
TN:
SF:models/user.js
FN:6,(anonymous_0)
FN:13,(anonymous_1)
FN:60,(anonymous_2)
FNF:3
FNH:3
FNDA:2,(anonymous_0)
FNDA:2,(anonymous_1)
FNDA:5,(anonymous_2)
DA:2,2
DA:5,2
DA:6,2
DA:15,2
DA:18,2
DA:62,5
DA:69,2
LF:7
LH:7
BRF:0
BRH:0
end_of_record
TN:
SF:routers/index.js
FNF:0
FNH:0
DA:1,2
DA:2,2
DA:3,2
DA:4,2
DA:5,2
DA:6,2
DA:7,2
DA:8,2
DA:11,2
DA:12,2
DA:13,2
DA:14,2
DA:15,2
DA:18,2
DA:21,2
DA:22,2
DA:23,2
DA:24,2
DA:25,2
DA:26,2
DA:34,2
DA:36,2
DA:38,2
LF:23
LH:23
BRF:0
BRH:0
end_of_record
